Environment at start of build:
ALLUSERSPROFILE = C:\ProgramData
APPDATA = C:\Users\USER\AppData\Roaming
CommonProgramFiles = C:\Program Files\Common Files
CommonProgramFiles(x86) = C:\Program Files (x86)\Common Files
CommonProgramW6432 = C:\Program Files\Common Files
COMPUTERNAME = GWTN156-5
ComSpec = C:\WINDOWS\system32\cmd.exe
DriverData = C:\Windows\System32\Drivers\DriverData
FPS_BROWSER_APP_PROFILE_STRING = Internet Explorer
FPS_BROWSER_USER_PROFILE_STRING = Default
HOMEDRIVE = C:
HOMEPATH = \Users\USER
LOCALAPPDATA = C:\Users\USER\AppData\Local
LOGONSERVER = \\GWTN156-5
MSBuildLoadMicrosoftTargetsReadOnly = true
NUMBER_OF_PROCESSORS = 8
OneDrive = C:\Users\USER\OneDrive
OneDriveConsumer = C:\Users\USER\OneDrive
OS = Windows_NT
Path = C:\Program Files\Common Files\Oracle\Java\javapath;C:\ProgramData\Oracle\Java\javapath;C:\WINDOWS\system32;C:\WINDOWS;C:\WINDOWS\System32\Wbem;C:\WINDOWS\System32\WindowsPowerShell\v1.0\;C:\WINDOWS\System32\OpenSSH\;C:\Program Files\Polyspace\R2021a\runtime\win64;C:\Program Files\Polyspace\R2021a\bin;C:\Program Files\Polyspace\R2021a\polyspace\bin;C:\Program Files\Git\cmd;C:\Program Files\mingw-w64\x86_64-8.1.0-posix-seh-rt_v6-rev0\mingw64\bin;C:\Program Files (x86)\Common Files\Propellerhead Software\ReWire\;C:\Program Files\Common Files\Propellerhead Software\ReWire\;C;C:\Program Files\dotnet\;C:\WINDOWS\system32;C:\WINDOWS;C:\WINDOWS\System32\Wbem;C:\WINDOWS\System32\WindowsPowerShell\v1.0\;C:\WINDOWS\System32\OpenSSH\;C:\Program Files\Microsoft SQL Server\150\Tools\Binn\;C:\Program Files\Microsoft SQL Server\Client SDK\ODBC\170\Tools\Binn\;C:\Program Files\Graphviz\bin;C:\Program Files\Graphviz\bin;C:\Users\USER\AppData\Local\Programs\Microsoft VS Code\bin
PATHEXT = .COM;.EXE;.BAT;.CMD;.VBS;.VBE;.JS;.JSE;.WSF;.WSH;.MSC
PkgDefApplicationConfigFile = C:\Users\USER\AppData\Local\Microsoft\VisualStudio\17.0_a5de3c8c\devenv.exe.config
PROCESSOR_ARCHITECTURE = AMD64
PROCESSOR_IDENTIFIER = AMD64 Family 23 Model 24 Stepping 1, AuthenticAMD
PROCESSOR_LEVEL = 23
PROCESSOR_REVISION = 1801
ProgramData = C:\ProgramData
ProgramFiles = C:\Program Files
ProgramFiles(x86) = C:\Program Files (x86)
ProgramW6432 = C:\Program Files
PSModulePath = C:\Program Files\WindowsPowerShell\Modules;C:\WINDOWS\system32\WindowsPowerShell\v1.0\Modules
PUBLIC = C:\Users\Public
ServiceHubLogSessionKey = AE9CE5A8
SESSIONNAME = Console
SystemDrive = C:
SystemRoot = C:\WINDOWS
TEMP = C:\Users\USER\AppData\Local\Temp
ThreadedWaitDialogDpiContext = -4
TMP = C:\Users\USER\AppData\Local\Temp
USERDOMAIN = GWTN156-5
USERDOMAIN_ROAMINGPROFILE = GWTN156-5
USERNAME = USER
USERPROFILE = C:\Users\USER
VBOX_HWVIRTEX_IGNORE_SVM_IN_USE = 1
VISSIM2022_EXAMPLES = C:\Users\Public\Documents\PTV Vision\PTV Vissim 2022
VisualStudioDir = C:\Users\USER\Documents\Visual Studio 2022
VisualStudioEdition = Microsoft Visual Studio Community 2022
VisualStudioVersion = 17.0
VSAPPIDDIR = C:\Program Files\Microsoft Visual Studio\2022\Community\Common7\IDE\
VSAPPIDNAME = devenv.exe
VSLANG = 1033
VSSKUEDITION = Community
windir = C:\WINDOWS

  Arreglo.cpp
  main.cpp
  Generating Code...
  Project1.vcxproj -> C:\Users\USER\Desktop\OrdenamientoBurbujaTemplates\Debug\Project1.exe

Project Performance Summary:
     4034 ms  C:\Users\USER\Desktop\OrdenamientoBurbujaTemplates\Project1.vcxproj   1 calls
               4034 ms  Build                                      1 calls

Target Performance Summary:
        0 ms  AfterBuildCompileEvent                     1 calls
        0 ms  BuildCompile                               1 calls
        0 ms  _BuildCompileAction                        1 calls
        0 ms  MakeDirsForFxc                             1 calls
        0 ms  _ResourceCompile                           1 calls
        0 ms  AfterResourceCompile                       1 calls
        0 ms  BeforeResourceCompile                      1 calls
        0 ms  _ClCompile                                 1 calls
        0 ms  BuildLinkTraverse                          1 calls
        0 ms  AfterClCompile                             1 calls
        0 ms  SelectClCompile                            1 calls
        0 ms  CreateSatelliteAssemblies                  1 calls
        0 ms  _Appverifier                               1 calls
        0 ms  GetReferencedVCProjectsInfo                1 calls
        0 ms  FindReferenceAssembliesForReferences       1 calls
        0 ms  BeforeClCompile                            1 calls
        0 ms  BuildCompileTraverse                       1 calls
        0 ms  _GenerateSatelliteAssemblyInputs           1 calls
        0 ms  BeforeLink                                 1 calls
        0 ms  ComputeRCOutputs                           1 calls
        0 ms  ComputeRCGeneratedLinkInputs               1 calls
        0 ms  ResolvedXDCMake                            1 calls
        0 ms  _Manifest                                  1 calls
        0 ms  _ALink                                     1 calls
        0 ms  _Link                                      1 calls
        0 ms  AfterLink                                  1 calls
        0 ms  _XdcMake                                   1 calls
        0 ms  ComputeCLCompileGeneratedSbrFiles          1 calls
        0 ms  ComputeLinkSwitches                        1 calls
        0 ms  PreLinkEvent                               1 calls
        0 ms  DoLinkOutputFilesMatch                     1 calls
        0 ms  PrepareResourceNames                       1 calls
        0 ms  CreateCustomManifestResourceNames          1 calls
        0 ms  _BscMake                                   1 calls
        0 ms  SatelliteDllsProjectOutputGroup            1 calls
        0 ms  ComputeLinkInputsFromProject               1 calls
        0 ms  ComputeCLGeneratedLinkInputs               1 calls
        0 ms  ComputeManifestGeneratedLinkerInputs       1 calls
        0 ms  BuildGenerateSources                       1 calls
        0 ms  _BuildGenerateSourcesAction                1 calls
        0 ms  ComputeCLInputPDBName                      1 calls
        0 ms  AfterBuildGenerateSources                  1 calls
        0 ms  ExpandSDKReferences                        1 calls
        0 ms  AfterBuildGenerateSourcesEvent             1 calls
        0 ms  _CopySourceItemsToOutputDirectory          1 calls
        0 ms  CopyFilesToOutputDirectory                 1 calls
        0 ms  _CheckWindowsSDKInstalled                  1 calls
        0 ms  AddExternalIncludDirectoriesToPaths        1 calls
        0 ms  GetReferenceAssemblyPaths                  1 calls
        0 ms  GetFrameworkPaths                          1 calls
        0 ms  ResolveProjectReferences                   1 calls
        0 ms  PrepareProjectReferences                   1 calls
        0 ms  PrepareForRun                              1 calls
        0 ms  _AddOutputPathToGlobalPropertiesToRemove   1 calls
        0 ms  _SplitProjectReferencesByFileExistence     1 calls
        0 ms  BeforeResolveReferences                    1 calls
        0 ms  _BuildLinkAction                           1 calls
        0 ms  BuildLink                                  1 calls
        0 ms  AfterBuild                                 1 calls
        0 ms  ResolveAssemblyReferences                  1 calls
        0 ms  AfterResolveReferences                     1 calls
        0 ms  ResolveSDKReferences                       1 calls
        0 ms  GetCopyToOutputDirectoryXamlAppDefs        1 calls
        0 ms  _Midl                                      1 calls
        0 ms  AfterMidl                                  1 calls
        0 ms  _Deploy                                    1 calls
        0 ms  MakeDirsForMidl                            1 calls
        0 ms  _Xsd                                       1 calls
        0 ms  _PopulateCommonStateForGetCopyToOutputDirectoryItems   1 calls
        0 ms  ResolveReferences                          1 calls
        0 ms  ComputeCustomBuildOutput                   1 calls
        0 ms  SelectCustomBuild                          1 calls
        0 ms  MakeDirsForXdcMake                         1 calls
        0 ms  _GetCopyToOutputDirectoryItemsFromTransitiveProjectReferences   1 calls
        0 ms  PreBuildEvent                              1 calls
        0 ms  BeforeBuildGenerateSources                 1 calls
        1 ms  MakeDirsForCl                              1 calls
        1 ms  BuiltProjectOutputGroup                    1 calls
        1 ms  ComputeLegacyManifestEmbedding             1 calls
        1 ms  _GetCopyToOutputDirectoryItemsFromThisProject   1 calls
        1 ms  GetResolvedWinMD                           1 calls
        1 ms  BuildGenerateSourcesTraverse               1 calls
        1 ms  MakeDirsForLink                            1 calls
        1 ms  PostBuildEvent                             1 calls
        1 ms  ComputeReferenceCLInput                    1 calls
        1 ms  ContentFilesProjectOutputGroup             1 calls
        1 ms  SetBuildDefaultEnvironmentVariables        1 calls
        1 ms  RegisterOutput                             1 calls
        1 ms  ComputeCLOutputs                           1 calls
        1 ms  ComputeCLCompileGeneratedXDCFiles          1 calls
        1 ms  Build                                      1 calls
        1 ms  AssignTargetPaths                          1 calls
        1 ms  ComputeManifestInputsTargets               1 calls
        1 ms  ComputeLinkImportLibraryOutputsForClean    1 calls
        1 ms  ComputeMIDLGeneratedCompileInputs          1 calls
        1 ms  CopyFileToFolders                          1 calls
        1 ms  SplitResourcesByCulture                    1 calls
        1 ms  _SelectedFiles                             1 calls
        1 ms  _PrepareForReferenceResolution             1 calls
        1 ms  FinalizeBuildStatus                        1 calls
        1 ms  WarnCompileDuplicatedFilename              1 calls
        1 ms  SetCABuildNativeEnvironmentVariables       1 calls
        1 ms  _CheckForCompileOutputs                    1 calls
        1 ms  MakeDirsForBscMake                         1 calls
        1 ms  MakeDirsForResourceCompile                 1 calls
        2 ms  AssignProjectConfiguration                 1 calls
        2 ms  IncrementalClean                           1 calls
        2 ms  GetCopyToOutputDirectoryItems              1 calls
        2 ms  FixupCLCompileOptions                      1 calls
        2 ms  _CleanGetCurrentAndPriorFileWrites         1 calls
        2 ms  _PrepareForBuild                           1 calls
        6 ms  InitializeBuildStatus                      1 calls
       11 ms  PrepareForBuild                            1 calls
       11 ms  SetTelemetryEnvironmentVariables           1 calls
       13 ms  CustomBuild                                1 calls
       14 ms  _CheckForInvalidConfigurationAndPlatform   1 calls
       31 ms  CreateRecipeFile                           1 calls
       61 ms  _GetProjectReferenceTargetFrameworkProperties   1 calls
      561 ms  Link                                       1 calls
     3274 ms  ClCompile                                  1 calls

Task Performance Summary:
        0 ms  AssignCulture                              1 calls
        0 ms  RemoveDuplicates                           2 calls
        1 ms  Message                                    3 calls
        1 ms  AssignProjectConfiguration                 1 calls
        1 ms  MSBuild                                    1 calls
        1 ms  AssignTargetPath                           7 calls
        1 ms  Delete                                     2 calls
        1 ms  ConvertToAbsolutePath                      1 calls
        2 ms  ReadLinesFromFile                          2 calls
        2 ms  FindUnderPath                              5 calls
        2 ms  CallTarget                                 2 calls
        2 ms  Touch                                      2 calls
        3 ms  CheckVCToolsetVersion                      1 calls
        3 ms  MakeDir                                   10 calls
        3 ms  WriteLinesToFile                           2 calls
        5 ms  SetEnv                                     9 calls
       13 ms  GetOutOfDateItems                          3 calls
       31 ms  GenerateDesktopDeployRecipe                1 calls
      560 ms  Link                                       1 calls
     3273 ms  CL                                         1 calls
